<<<<<<<<<<<<<<<<<<<<<<<<<<<
2025 Mar 24 (Mon): 21:35:47
<<<<<<<<<<<<<<<<<<<<<<<<<<<

=========================================================================================================================
matrixcalc: Thread pinning failed with error: error in initialization of cpu core iterator, invalid socket id provided, 1
=========================================================================================================================

========================================================================
Processing CAD model (for field results)
	[Improved internal geometry representation]
	[Accuracy improvement for long shapes in inhomogeneous mesh regions]
Version 2018.0 (build 20171026)
PBA version 20171026
2025 Mar 24 (Mon): 21:35:47
========================================================================

===========================================
Finished CAD processing (for field results)
===========================================

>>>>>>>>>>>>>>>>>>>>>>>>>>>
2025 Mar 24 (Mon): 21:35:47
>>>>>>>>>>>>>>>>>>>>>>>>>>>

<<<<<<<<<<<<<<<<<<<<<<<<<<<
2025 Mar 24 (Mon): 21:35:47
<<<<<<<<<<<<<<<<<<<<<<<<<<<

=========================================================================================================================
matrixcalc: Thread pinning failed with error: error in initialization of cpu core iterator, invalid socket id provided, 1
=========================================================================================================================

===============================
Port preparation
Version 2018.0 (build 20171026)
PBA version 20171026
2025 Mar 24 (Mon): 21:35:48
===============================

==========================
Finished port preparation.
==========================

>>>>>>>>>>>>>>>>>>>>>>>>>>>
2025 Mar 24 (Mon): 21:35:48
>>>>>>>>>>>>>>>>>>>>>>>>>>>

<<<<<<<<<<<<<<<<<<<<<<<<<<<
2025 Mar 24 (Mon): 21:35:48
<<<<<<<<<<<<<<<<<<<<<<<<<<<

==============================
Mesher selection: manual: FPBA
==============================

<<<<<<<<<<<<<<<<<<<<<<<<<<<
2025 Mar 24 (Mon): 21:35:48
<<<<<<<<<<<<<<<<<<<<<<<<<<<

=========================================================================================================================
matrixcalc: Thread pinning failed with error: error in initialization of cpu core iterator, invalid socket id provided, 1
=========================================================================================================================

===============================
Matrix computation (PBA)
Version 2018.0 (build 20171026)
PBA version 20171026
2025 Mar 24 (Mon): 21:35:48
===============================

----------------------------------------------
Used point accuracy enhancement value: 75.00%.
----------------------------------------------

Shapes are ordered to support shape wise matrix storage
==================================================================================================
== CST Matrix Calculation Priority Log                                                          ==
==================================================================================================
 
Priorities are sorted in ascending order beginning with the lowest priority
 
Priority:   1, shape   1: air_0:brick__1_1, material: [background]
Priority:   3, shape   2: component1:brick1__1_0, material: PEC
 
==================================================================================================
 
------------------------------------------------------------------------------
+++++++++++++++++++++++++++++++++++++++++++++++++++++
settings for port mode calculation
+++++++++++++++++++++++++++++++++++++++++++++++++++++
PBA fill limit is applied in inverse mode.
PBA fill limit is applied on faces filled with at least 99.00% metal material.
--------------------------------------------------------------
detailed accuracy settings:
--------------------------------------------------------------
augmented fill limit:       true
augmented fill limit value: 99.00
automatic fill limit:       true
early fill limit:           true
inverse fill limit:         true
model complexity:           0.00
legacy 2015:                false
fixed point accuracy:       false
minimum point accuracy:     0
mesh step inheritance:      false
accuracy mode:              
------------------------------------------------------------------------------

=================================
Finished matrix computation (PBA)
=================================

>>>>>>>>>>>>>>>>>>>>>>>>>>>
2025 Mar 24 (Mon): 21:35:49
>>>>>>>>>>>>>>>>>>>>>>>>>>>

>>>>>>>>>>>>>>>>>>>>>>>>>>>
2025 Mar 24 (Mon): 21:35:49
>>>>>>>>>>>>>>>>>>>>>>>>>>>

--------------------------------
# of staircase filled cells: 0
# of staircase filled areas: 0
# of staircase filled edges: 0
# of faces above fill limit: 0
# of edges with FPBA topology: 0
--------------------------------

<<<<<<<<<<<<<<<<<<<<<<<<<<<
2025 Mar 24 (Mon): 21:37:18
<<<<<<<<<<<<<<<<<<<<<<<<<<<

======================
Mesher selection: FPBA
======================

=========================================================================================================================
matrixcalc: Thread pinning failed with error: error in initialization of cpu core iterator, invalid socket id provided, 1
=========================================================================================================================

========================================================================
Processing CAD model
	[Improved internal geometry representation]
	[Accuracy improvement for long shapes in inhomogeneous mesh regions]
Version 2018.0 (build 20171026)
PBA version 20171026
2025 Mar 24 (Mon): 21:37:19
========================================================================

---------------------------------------------
Used point accuracy enhancement value: 0.00%.
---------------------------------------------

=============================================================================
Mesh statistics:
-----------------------------------------------------------------------------
Minimum edge length (x): 0.5 @ mesh line 113 (x)
Maximum edge length (x): 1.57 @ mesh line 101 (x)
Minimum face area (x): 0.0857 @ mesh lines 62 | 17 (y | z)
Maximum face area (x): 2.38 @ mesh lines 56 | 9 (y | z)
Minimum edge length (y): 0.5 @ mesh line 62 (y)
Maximum edge length (y): 1.55 @ mesh line 56 (y)
Minimum face area (y): 0.0857 @ mesh lines 17 | 113 (z | x)
Maximum face area (y): 2.42 @ mesh lines 9 | 101 (z | x)
Minimum edge length (z): 0.171 @ mesh line 17 (z)
Maximum edge length (z): 1.54 @ mesh line 9 (z)
Minimum face area (z): 0.25 @ mesh lines 113 | 62 (x | y)
Maximum face area (z): 2.43 @ mesh lines 101 | 56 (x | y)
Maximum mesh face aspect ratio (x): 9.03 : 1.0  @ mesh lines 56 | 17 (y | z)
Maximum mesh face aspect ratio (y): 9.17 : 1.0  @ mesh lines 17 | 101 (z | x)
Maximum mesh face aspect ratio (z): 3.15 : 1.0  @ mesh lines 101 | 62 (x | y)
=============================================================================

===========================================================================
Available resources to store TST cells: 2144491147 (71662.19% of mesh size)
===========================================================================

=======================
Finished CAD processing
=======================

------------------------------------------------------------
Parallelization Info
------------------------------------------------------------
Number of concurrent threads: 8
Number of node domains: 16
Number of mesh cells: 2928508
------------------------------------------------------------
Node order
9, 13, 10, 12, 11, 15, 14, 3, 8, 2, 7, 5, 6, 4, 1, 0
------------------------------------------------------------

-------------------------------------
Mesh: # of points excl. TSTs: 2992500
      # of points incl. TSTs: 2992500
-------------------------------------

1xN000:  <<<<<<<<<<<<<<<<<<<<<<<<<<<
         2025 Mar 24 (Mon): 21:37:38
         <<<<<<<<<<<<<<<<<<<<<<<<<<<

1xN000:  =========================================================================================================================

         matrixcalc: Thread pinning failed with error: error in initialization of cpu core iterator, invalid socket id provided, 1
         =========================================================================================================================

1xN000:  ===============================
         Matrix computation (PBA)
         Version 2018.0 (build 20171026)
         PBA version 20171026
         2025 Mar 24 (Mon): 21:37:38
         ===============================

1xN000:  Shapes are ordered to support shape wise matrix storage
1xN000:  ------------------------------------------------------------------------------
         PBA fill limit is applied in inverse mode.
         PBA fill limit is applied on faces filled with at least 85.00% metal material.
         --------------------------------------------------------------
         detailed accuracy settings:
         --------------------------------------------------------------
         augmented fill limit:       true
         augmented fill limit value: 85.00
         automatic fill limit:       true
         early fill limit:           true
         inverse fill limit:         true
         model complexity:           0.00
         legacy 2015:                false
         fixed point accuracy:       false
         minimum point accuracy:     0
         mesh step inheritance:      false
         accuracy mode:
         ------------------------------------------------------------------------------

1xN000:  =================================
         Finished matrix computation (PBA)
         =================================

1xN000:  >>>>>>>>>>>>>>>>>>>>>>>>>>>
         2025 Mar 24 (Mon): 21:37:41
         >>>>>>>>>>>>>>>>>>>>>>>>>>>



1xN001:  <<<<<<<<<<<<<<<<<<<<<<<<<<<
         2025 Mar 24 (Mon): 21:37:37
         <<<<<<<<<<<<<<<<<<<<<<<<<<<

1xN001:  =========================================================================================================================

         matrixcalc: Thread pinning failed with error: error in initialization of cpu core iterator, invalid socket id provided, 1
         =========================================================================================================================

1xN001:  ===============================
         Matrix computation (PBA)
         Version 2018.0 (build 20171026)
         PBA version 20171026
         2025 Mar 24 (Mon): 21:37:37
         ===============================

1xN001:  Shapes are ordered to support shape wise matrix storage
1xN001:  ------------------------------------------------------------------------------
         PBA fill limit is applied in inverse mode.
         PBA fill limit is applied on faces filled with at least 85.00% metal material.
         --------------------------------------------------------------
         detailed accuracy settings:
         --------------------------------------------------------------
         augmented fill limit:       true
         augmented fill limit value: 85.00
         automatic fill limit:       true
         early fill limit:           true
         inverse fill limit:         true
         model complexity:           0.00
         legacy 2015:                false
         fixed point accuracy:       false
         minimum point accuracy:     0
         mesh step inheritance:      false
         accuracy mode:
         ------------------------------------------------------------------------------

1xN001:  =================================
         Finished matrix computation (PBA)
         =================================

1xN001:  >>>>>>>>>>>>>>>>>>>>>>>>>>>
         2025 Mar 24 (Mon): 21:37:44
         >>>>>>>>>>>>>>>>>>>>>>>>>>>



1xN002:  <<<<<<<<<<<<<<<<<<<<<<<<<<<
         2025 Mar 24 (Mon): 21:37:27
         <<<<<<<<<<<<<<<<<<<<<<<<<<<

1xN002:  =========================================================================================================================

         matrixcalc: Thread pinning failed with error: error in initialization of cpu core iterator, invalid socket id provided, 1
         =========================================================================================================================

1xN002:  ===============================
         Matrix computation (PBA)
         Version 2018.0 (build 20171026)
         PBA version 20171026
         2025 Mar 24 (Mon): 21:37:27
         ===============================

1xN002:  Shapes are ordered to support shape wise matrix storage
1xN002:  ------------------------------------------------------------------------------
         PBA fill limit is applied in inverse mode.
         PBA fill limit is applied on faces filled with at least 85.00% metal material.
         --------------------------------------------------------------
         detailed accuracy settings:
         --------------------------------------------------------------
         augmented fill limit:       true
         augmented fill limit value: 85.00
         automatic fill limit:       true
         early fill limit:           true
         inverse fill limit:         true
         model complexity:           0.00
         legacy 2015:                false
         fixed point accuracy:       false
         minimum point accuracy:     0
         mesh step inheritance:      false
         accuracy mode:
         ------------------------------------------------------------------------------

1xN002:  =================================
         Finished matrix computation (PBA)
         =================================

1xN002:  >>>>>>>>>>>>>>>>>>>>>>>>>>>
         2025 Mar 24 (Mon): 21:37:31
         >>>>>>>>>>>>>>>>>>>>>>>>>>>



1xN003:  <<<<<<<<<<<<<<<<<<<<<<<<<<<
         2025 Mar 24 (Mon): 21:37:19
         <<<<<<<<<<<<<<<<<<<<<<<<<<<

1xN003:  =========================================================================================================================

         matrixcalc: Thread pinning failed with error: error in initialization of cpu core iterator, invalid socket id provided, 1
         =========================================================================================================================

1xN003:  ===============================
         Matrix computation (PBA)
         Version 2018.0 (build 20171026)
         PBA version 20171026
         2025 Mar 24 (Mon): 21:37:19
         ===============================

1xN003:  Shapes are ordered to support shape wise matrix storage
1xN003:  ------------------------------------------------------------------------------
         PBA fill limit is applied in inverse mode.
         PBA fill limit is applied on faces filled with at least 85.00% metal material.
         --------------------------------------------------------------
         detailed accuracy settings:
         --------------------------------------------------------------
         augmented fill limit:       true
         augmented fill limit value: 85.00
         automatic fill limit:       true
         early fill limit:           true
         inverse fill limit:         true
         model complexity:           0.00
         legacy 2015:                false
         fixed point accuracy:       false
         minimum point accuracy:     0
         mesh step inheritance:      false
         accuracy mode:
         ------------------------------------------------------------------------------

1xN003:  =================================
         Finished matrix computation (PBA)
         =================================

1xN003:  >>>>>>>>>>>>>>>>>>>>>>>>>>>
         2025 Mar 24 (Mon): 21:37:32
         >>>>>>>>>>>>>>>>>>>>>>>>>>>



1xN004:  <<<<<<<<<<<<<<<<<<<<<<<<<<<
         2025 Mar 24 (Mon): 21:37:34
         <<<<<<<<<<<<<<<<<<<<<<<<<<<

1xN004:  =========================================================================================================================

         matrixcalc: Thread pinning failed with error: error in initialization of cpu core iterator, invalid socket id provided, 1
         =========================================================================================================================

1xN004:  ===============================
         Matrix computation (PBA)
         Version 2018.0 (build 20171026)
         PBA version 20171026
         2025 Mar 24 (Mon): 21:37:34
         ===============================

1xN004:  Shapes are ordered to support shape wise matrix storage
1xN004:  ------------------------------------------------------------------------------
         PBA fill limit is applied in inverse mode.
         PBA fill limit is applied on faces filled with at least 85.00% metal material.
         --------------------------------------------------------------
         detailed accuracy settings:
         --------------------------------------------------------------
         augmented fill limit:       true
         augmented fill limit value: 85.00
         automatic fill limit:       true
         early fill limit:           true
         inverse fill limit:         true
         model complexity:           0.00
         legacy 2015:                false
         fixed point accuracy:       false
         minimum point accuracy:     0
         mesh step inheritance:      false
         accuracy mode:
         ------------------------------------------------------------------------------

1xN004:  =================================
         Finished matrix computation (PBA)
         =================================

1xN004:  >>>>>>>>>>>>>>>>>>>>>>>>>>>
         2025 Mar 24 (Mon): 21:37:47
         >>>>>>>>>>>>>>>>>>>>>>>>>>>



1xN005:  <<<<<<<<<<<<<<<<<<<<<<<<<<<
         2025 Mar 24 (Mon): 21:37:32
         <<<<<<<<<<<<<<<<<<<<<<<<<<<

1xN005:  =========================================================================================================================

         matrixcalc: Thread pinning failed with error: error in initialization of cpu core iterator, invalid socket id provided, 1
         =========================================================================================================================

1xN005:  ===============================
         Matrix computation (PBA)
         Version 2018.0 (build 20171026)
         PBA version 20171026
         2025 Mar 24 (Mon): 21:37:32
         ===============================

1xN005:  Shapes are ordered to support shape wise matrix storage
1xN005:  ------------------------------------------------------------------------------
         PBA fill limit is applied in inverse mode.
         PBA fill limit is applied on faces filled with at least 85.00% metal material.
         --------------------------------------------------------------
         detailed accuracy settings:
         --------------------------------------------------------------
         augmented fill limit:       true
         augmented fill limit value: 85.00
         automatic fill limit:       true
         early fill limit:           true
         inverse fill limit:         true
         model complexity:           0.00
         legacy 2015:                false
         fixed point accuracy:       false
         minimum point accuracy:     0
         mesh step inheritance:      false
         accuracy mode:
         ------------------------------------------------------------------------------

1xN005:  =================================
         Finished matrix computation (PBA)
         =================================

1xN005:  >>>>>>>>>>>>>>>>>>>>>>>>>>>
         2025 Mar 24 (Mon): 21:37:48
         >>>>>>>>>>>>>>>>>>>>>>>>>>>



1xN006:  <<<<<<<<<<<<<<<<<<<<<<<<<<<
         2025 Mar 24 (Mon): 21:37:34
         <<<<<<<<<<<<<<<<<<<<<<<<<<<

1xN006:  =========================================================================================================================

         matrixcalc: Thread pinning failed with error: error in initialization of cpu core iterator, invalid socket id provided, 1
         =========================================================================================================================

1xN006:  ===============================
         Matrix computation (PBA)
         Version 2018.0 (build 20171026)
         PBA version 20171026
         2025 Mar 24 (Mon): 21:37:34
         ===============================

1xN006:  Shapes are ordered to support shape wise matrix storage
1xN006:  ------------------------------------------------------------------------------
         PBA fill limit is applied in inverse mode.
         PBA fill limit is applied on faces filled with at least 85.00% metal material.
         --------------------------------------------------------------
         detailed accuracy settings:
         --------------------------------------------------------------
         augmented fill limit:       true
         augmented fill limit value: 85.00
         automatic fill limit:       true
         early fill limit:           true
         inverse fill limit:         true
         model complexity:           0.00
         legacy 2015:                false
         fixed point accuracy:       false
         minimum point accuracy:     0
         mesh step inheritance:      false
         accuracy mode:
         ------------------------------------------------------------------------------

1xN006:  =================================
         Finished matrix computation (PBA)
         =================================

1xN006:  >>>>>>>>>>>>>>>>>>>>>>>>>>>
         2025 Mar 24 (Mon): 21:37:45
         >>>>>>>>>>>>>>>>>>>>>>>>>>>



1xN007:  <<<<<<<<<<<<<<<<<<<<<<<<<<<
         2025 Mar 24 (Mon): 21:37:32
         <<<<<<<<<<<<<<<<<<<<<<<<<<<

1xN007:  =========================================================================================================================

         matrixcalc: Thread pinning failed with error: error in initialization of cpu core iterator, invalid socket id provided, 1
         =========================================================================================================================

1xN007:  ===============================
         Matrix computation (PBA)
         Version 2018.0 (build 20171026)
         PBA version 20171026
         2025 Mar 24 (Mon): 21:37:32
         ===============================

1xN007:  Shapes are ordered to support shape wise matrix storage
1xN007:  ------------------------------------------------------------------------------
         PBA fill limit is applied in inverse mode.
         PBA fill limit is applied on faces filled with at least 85.00% metal material.
         --------------------------------------------------------------
         detailed accuracy settings:
         --------------------------------------------------------------
         augmented fill limit:       true
         augmented fill limit value: 85.00
         automatic fill limit:       true
         early fill limit:           true
         inverse fill limit:         true
         model complexity:           0.00
         legacy 2015:                false
         fixed point accuracy:       false
         minimum point accuracy:     0
         mesh step inheritance:      false
         accuracy mode:
         ------------------------------------------------------------------------------

1xN007:  =================================
         Finished matrix computation (PBA)
         =================================

1xN007:  >>>>>>>>>>>>>>>>>>>>>>>>>>>
         2025 Mar 24 (Mon): 21:37:47
         >>>>>>>>>>>>>>>>>>>>>>>>>>>



1xN008:  <<<<<<<<<<<<<<<<<<<<<<<<<<<
         2025 Mar 24 (Mon): 21:37:27
         <<<<<<<<<<<<<<<<<<<<<<<<<<<

1xN008:  =========================================================================================================================

         matrixcalc: Thread pinning failed with error: error in initialization of cpu core iterator, invalid socket id provided, 1
         =========================================================================================================================

1xN008:  ===============================
         Matrix computation (PBA)
         Version 2018.0 (build 20171026)
         PBA version 20171026
         2025 Mar 24 (Mon): 21:37:27
         ===============================

1xN008:  Shapes are ordered to support shape wise matrix storage
1xN008:  ------------------------------------------------------------------------------
         PBA fill limit is applied in inverse mode.
         PBA fill limit is applied on faces filled with at least 85.00% metal material.
         --------------------------------------------------------------
         detailed accuracy settings:
         --------------------------------------------------------------
         augmented fill limit:       true
         augmented fill limit value: 85.00
         automatic fill limit:       true
         early fill limit:           true
         inverse fill limit:         true
         model complexity:           0.00
         legacy 2015:                false
         fixed point accuracy:       false
         minimum point accuracy:     0
         mesh step inheritance:      false
         accuracy mode:
         ------------------------------------------------------------------------------

1xN008:  =================================
         Finished matrix computation (PBA)
         =================================

1xN008:  >>>>>>>>>>>>>>>>>>>>>>>>>>>
         2025 Mar 24 (Mon): 21:37:37
         >>>>>>>>>>>>>>>>>>>>>>>>>>>



1xN009:  <<<<<<<<<<<<<<<<<<<<<<<<<<<
         2025 Mar 24 (Mon): 21:37:19
         <<<<<<<<<<<<<<<<<<<<<<<<<<<

1xN009:  =========================================================================================================================

         matrixcalc: Thread pinning failed with error: error in initialization of cpu core iterator, invalid socket id provided, 1
         =========================================================================================================================

1xN009:  ===============================
         Matrix computation (PBA)
         Version 2018.0 (build 20171026)
         PBA version 20171026
         2025 Mar 24 (Mon): 21:37:19
         ===============================

1xN009:  Shapes are ordered to support shape wise matrix storage
1xN009:  ------------------------------------------------------------------------------
         PBA fill limit is applied in inverse mode.
         PBA fill limit is applied on faces filled with at least 85.00% metal material.
         --------------------------------------------------------------
         detailed accuracy settings:
         --------------------------------------------------------------
         augmented fill limit:       true
         augmented fill limit value: 85.00
         automatic fill limit:       true
         early fill limit:           true
         inverse fill limit:         true
         model complexity:           0.00
         legacy 2015:                false
         fixed point accuracy:       false
         minimum point accuracy:     0
         mesh step inheritance:      false
         accuracy mode:
         ------------------------------------------------------------------------------

1xN009:  =================================
         Finished matrix computation (PBA)
         =================================

1xN009:  >>>>>>>>>>>>>>>>>>>>>>>>>>>
         2025 Mar 24 (Mon): 21:37:38
         >>>>>>>>>>>>>>>>>>>>>>>>>>>



1xN010:  <<<<<<<<<<<<<<<<<<<<<<<<<<<
         2025 Mar 24 (Mon): 21:37:19
         <<<<<<<<<<<<<<<<<<<<<<<<<<<

1xN010:  =========================================================================================================================

         matrixcalc: Thread pinning failed with error: error in initialization of cpu core iterator, invalid socket id provided, 1
         =========================================================================================================================

1xN010:  ===============================
         Matrix computation (PBA)
         Version 2018.0 (build 20171026)
         PBA version 20171026
         2025 Mar 24 (Mon): 21:37:20
         ===============================

1xN010:  Shapes are ordered to support shape wise matrix storage
1xN010:  ------------------------------------------------------------------------------
         PBA fill limit is applied in inverse mode.
         PBA fill limit is applied on faces filled with at least 85.00% metal material.
         --------------------------------------------------------------
         detailed accuracy settings:
         --------------------------------------------------------------
         augmented fill limit:       true
         augmented fill limit value: 85.00
         automatic fill limit:       true
         early fill limit:           true
         inverse fill limit:         true
         model complexity:           0.00
         legacy 2015:                false
         fixed point accuracy:       false
         minimum point accuracy:     0
         mesh step inheritance:      false
         accuracy mode:
         ------------------------------------------------------------------------------

1xN010:  =================================
         Finished matrix computation (PBA)
         =================================

1xN010:  >>>>>>>>>>>>>>>>>>>>>>>>>>>
         2025 Mar 24 (Mon): 21:37:27
         >>>>>>>>>>>>>>>>>>>>>>>>>>>



1xN011:  <<<<<<<<<<<<<<<<<<<<<<<<<<<
         2025 Mar 24 (Mon): 21:37:19
         <<<<<<<<<<<<<<<<<<<<<<<<<<<

1xN011:  =========================================================================================================================

         matrixcalc: Thread pinning failed with error: error in initialization of cpu core iterator, invalid socket id provided, 1
         =========================================================================================================================

1xN011:  ===============================
         Matrix computation (PBA)
         Version 2018.0 (build 20171026)
         PBA version 20171026
         2025 Mar 24 (Mon): 21:37:19
         ===============================

1xN011:  Shapes are ordered to support shape wise matrix storage
1xN011:  ------------------------------------------------------------------------------
         PBA fill limit is applied in inverse mode.
         PBA fill limit is applied on faces filled with at least 85.00% metal material.
         --------------------------------------------------------------
         detailed accuracy settings:
         --------------------------------------------------------------
         augmented fill limit:       true
         augmented fill limit value: 85.00
         automatic fill limit:       true
         early fill limit:           true
         inverse fill limit:         true
         model complexity:           0.00
         legacy 2015:                false
         fixed point accuracy:       false
         minimum point accuracy:     0
         mesh step inheritance:      false
         accuracy mode:
         ------------------------------------------------------------------------------

1xN011:  =================================
         Finished matrix computation (PBA)
         =================================

1xN011:  >>>>>>>>>>>>>>>>>>>>>>>>>>>
         2025 Mar 24 (Mon): 21:37:26
         >>>>>>>>>>>>>>>>>>>>>>>>>>>



1xN012:  <<<<<<<<<<<<<<<<<<<<<<<<<<<
         2025 Mar 24 (Mon): 21:37:19
         <<<<<<<<<<<<<<<<<<<<<<<<<<<

1xN012:  =========================================================================================================================

         matrixcalc: Thread pinning failed with error: error in initialization of cpu core iterator, invalid socket id provided, 1
         =========================================================================================================================

1xN012:  ===============================
         Matrix computation (PBA)
         Version 2018.0 (build 20171026)
         PBA version 20171026
         2025 Mar 24 (Mon): 21:37:19
         ===============================

1xN012:  Shapes are ordered to support shape wise matrix storage
1xN012:  ------------------------------------------------------------------------------
         PBA fill limit is applied in inverse mode.
         PBA fill limit is applied on faces filled with at least 85.00% metal material.
         --------------------------------------------------------------
         detailed accuracy settings:
         --------------------------------------------------------------
         augmented fill limit:       true
         augmented fill limit value: 85.00
         automatic fill limit:       true
         early fill limit:           true
         inverse fill limit:         true
         model complexity:           0.00
         legacy 2015:                false
         fixed point accuracy:       false
         minimum point accuracy:     0
         mesh step inheritance:      false
         accuracy mode:
         ------------------------------------------------------------------------------

1xN012:  =================================
         Finished matrix computation (PBA)
         =================================

1xN012:  >>>>>>>>>>>>>>>>>>>>>>>>>>>
         2025 Mar 24 (Mon): 21:37:33
         >>>>>>>>>>>>>>>>>>>>>>>>>>>



1xN013:  <<<<<<<<<<<<<<<<<<<<<<<<<<<
         2025 Mar 24 (Mon): 21:37:19
         <<<<<<<<<<<<<<<<<<<<<<<<<<<

1xN013:  =========================================================================================================================

         matrixcalc: Thread pinning failed with error: error in initialization of cpu core iterator, invalid socket id provided, 1
         =========================================================================================================================

1xN013:  ===============================
         Matrix computation (PBA)
         Version 2018.0 (build 20171026)
         PBA version 20171026
         2025 Mar 24 (Mon): 21:37:19
         ===============================

1xN013:  Shapes are ordered to support shape wise matrix storage
1xN013:  ------------------------------------------------------------------------------
         PBA fill limit is applied in inverse mode.
         PBA fill limit is applied on faces filled with at least 85.00% metal material.
         --------------------------------------------------------------
         detailed accuracy settings:
         --------------------------------------------------------------
         augmented fill limit:       true
         augmented fill limit value: 85.00
         automatic fill limit:       true
         early fill limit:           true
         inverse fill limit:         true
         model complexity:           0.00
         legacy 2015:                false
         fixed point accuracy:       false
         minimum point accuracy:     0
         mesh step inheritance:      false
         accuracy mode:
         ------------------------------------------------------------------------------

1xN013:  =================================
         Finished matrix computation (PBA)
         =================================

1xN013:  >>>>>>>>>>>>>>>>>>>>>>>>>>>
         2025 Mar 24 (Mon): 21:37:33
         >>>>>>>>>>>>>>>>>>>>>>>>>>>



1xN014:  <<<<<<<<<<<<<<<<<<<<<<<<<<<
         2025 Mar 24 (Mon): 21:37:19
         <<<<<<<<<<<<<<<<<<<<<<<<<<<

1xN014:  =========================================================================================================================

         matrixcalc: Thread pinning failed with error: error in initialization of cpu core iterator, invalid socket id provided, 1
         =========================================================================================================================

1xN014:  ===============================
         Matrix computation (PBA)
         Version 2018.0 (build 20171026)
         PBA version 20171026
         2025 Mar 24 (Mon): 21:37:19
         ===============================

1xN014:  Shapes are ordered to support shape wise matrix storage
1xN014:  ------------------------------------------------------------------------------
         PBA fill limit is applied in inverse mode.
         PBA fill limit is applied on faces filled with at least 85.00% metal material.
         --------------------------------------------------------------
         detailed accuracy settings:
         --------------------------------------------------------------
         augmented fill limit:       true
         augmented fill limit value: 85.00
         automatic fill limit:       true
         early fill limit:           true
         inverse fill limit:         true
         model complexity:           0.00
         legacy 2015:                false
         fixed point accuracy:       false
         minimum point accuracy:     0
         mesh step inheritance:      false
         accuracy mode:
         ------------------------------------------------------------------------------

1xN014:  =================================
         Finished matrix computation (PBA)
         =================================

1xN014:  >>>>>>>>>>>>>>>>>>>>>>>>>>>
         2025 Mar 24 (Mon): 21:37:39
         >>>>>>>>>>>>>>>>>>>>>>>>>>>



1xN015:  <<<<<<<<<<<<<<<<<<<<<<<<<<<
         2025 Mar 24 (Mon): 21:37:19
         <<<<<<<<<<<<<<<<<<<<<<<<<<<

1xN015:  =========================================================================================================================

         matrixcalc: Thread pinning failed with error: error in initialization of cpu core iterator, invalid socket id provided, 1
         =========================================================================================================================

1xN015:  ===============================
         Matrix computation (PBA)
         Version 2018.0 (build 20171026)
         PBA version 20171026
         2025 Mar 24 (Mon): 21:37:19
         ===============================

1xN015:  Shapes are ordered to support shape wise matrix storage
1xN015:  ------------------------------------------------------------------------------
         PBA fill limit is applied in inverse mode.
         PBA fill limit is applied on faces filled with at least 85.00% metal material.
         --------------------------------------------------------------
         detailed accuracy settings:
         --------------------------------------------------------------
         augmented fill limit:       true
         augmented fill limit value: 85.00
         automatic fill limit:       true
         early fill limit:           true
         inverse fill limit:         true
         model complexity:           0.00
         legacy 2015:                false
         fixed point accuracy:       false
         minimum point accuracy:     0
         mesh step inheritance:      false
         accuracy mode:
         ------------------------------------------------------------------------------

1xN015:  =================================
         Finished matrix computation (PBA)
         =================================

1xN015:  >>>>>>>>>>>>>>>>>>>>>>>>>>>
         2025 Mar 24 (Mon): 21:37:37
         >>>>>>>>>>>>>>>>>>>>>>>>>>>



>>>>>>>>>>>>>>>>>>>>>>>>>>>
2025 Mar 24 (Mon): 21:38:24
>>>>>>>>>>>>>>>>>>>>>>>>>>>

--------------------------------
# of staircase filled cells: 0
# of staircase filled areas: 0
# of staircase filled edges: 0
# of faces above fill limit: 0
# of edges with FPBA topology: 0
--------------------------------

